<?xml version="1.0" encoding="UTF-8"?>
<testng-results ignored="0" total="5" passed="5" failed="0" skipped="0">
  <reporter-output>
  </reporter-output>
  <suite started-at="2022-03-08T22:00:31 MST" name="Default suite" finished-at="2022-03-08T22:02:23 MST" duration-ms="112180">
    <groups>
      <group name="cucumber">
        <method signature="AbstractTestNGCucumberTests.runScenario(cucumber.api.testng.PickleEventWrapper,cucumber.api.testng.CucumberFeatureWrapper)[pri:0, instance:steps.TestRunner@5119fb47]" name="runScenario" class="cucumber.api.testng.AbstractTestNGCucumberTests"/>
      </group> <!-- cucumber -->
    </groups>
    <test started-at="2022-03-08T22:00:31 MST" name="Default test" finished-at="2022-03-08T22:02:23 MST" duration-ms="112180">
      <class name="steps.TestRunner">
        <test-method is-config="true" signature="setUpClass()[pri:0, instance:steps.TestRunner@5119fb47]" started-at="2022-03-08T22:00:31 MST" name="setUpClass" finished-at="2022-03-08T22:00:31 MST" duration-ms="86" status="PASS">
          <reporter-output>
          </reporter-output>
        </test-method> <!-- setUpClass -->
        <test-method signature="runScenario(cucumber.api.testng.PickleEventWrapper,cucumber.api.testng.CucumberFeatureWrapper)[pri:0, instance:steps.TestRunner@5119fb47]" started-at="2022-03-08T22:00:31 MST" name="runScenario" description="Runs Cucumber Scenarios" data-provider="scenarios" finished-at="2022-03-08T22:00:36 MST" duration-ms="5342" status="PASS">
          <params>
            <param index="0">
              <value>
                <![CDATA["TC001_Login and Logout"]]>
              </value>
            </param>
            <param index="1">
              <value>
                <![CDATA["Automate TestLeaf Application"]]>
              </value>
            </param>
          </params>
          <reporter-output>
          </reporter-output>
        </test-method> <!-- runScenario -->
        <test-method signature="runScenario(cucumber.api.testng.PickleEventWrapper,cucumber.api.testng.CucumberFeatureWrapper)[pri:0, instance:steps.TestRunner@5119fb47]" started-at="2022-03-08T22:00:36 MST" name="runScenario" description="Runs Cucumber Scenarios" data-provider="scenarios" finished-at="2022-03-08T22:00:41 MST" duration-ms="4827" status="PASS">
          <params>
            <param index="0">
              <value>
                <![CDATA["TC001_Login and Logout"]]>
              </value>
            </param>
            <param index="1">
              <value>
                <![CDATA["Automate TestLeaf Application"]]>
              </value>
            </param>
          </params>
          <reporter-output>
          </reporter-output>
        </test-method> <!-- runScenario -->
        <test-method signature="runScenario(cucumber.api.testng.PickleEventWrapper,cucumber.api.testng.CucumberFeatureWrapper)[pri:0, instance:steps.TestRunner@5119fb47]" started-at="2022-03-08T22:00:41 MST" name="runScenario" description="Runs Cucumber Scenarios" data-provider="scenarios" finished-at="2022-03-08T22:01:03 MST" duration-ms="21761" status="PASS">
          <params>
            <param index="0">
              <value>
                <![CDATA["TC003_CreateLead"]]>
              </value>
            </param>
            <param index="1">
              <value>
                <![CDATA["Automate TestLeaf Application"]]>
              </value>
            </param>
          </params>
          <reporter-output>
          </reporter-output>
        </test-method> <!-- runScenario -->
        <test-method signature="runScenario(cucumber.api.testng.PickleEventWrapper,cucumber.api.testng.CucumberFeatureWrapper)[pri:0, instance:steps.TestRunner@5119fb47]" started-at="2022-03-08T22:01:03 MST" name="runScenario" description="Runs Cucumber Scenarios" data-provider="scenarios" finished-at="2022-03-08T22:01:58 MST" duration-ms="55188" status="PASS">
          <params>
            <param index="0">
              <value>
                <![CDATA["TC003_CreateLead"]]>
              </value>
            </param>
            <param index="1">
              <value>
                <![CDATA["Automate TestLeaf Application"]]>
              </value>
            </param>
          </params>
          <reporter-output>
          </reporter-output>
        </test-method> <!-- runScenario -->
        <test-method signature="runScenario(cucumber.api.testng.PickleEventWrapper,cucumber.api.testng.CucumberFeatureWrapper)[pri:0, instance:steps.TestRunner@5119fb47]" started-at="2022-03-08T22:01:58 MST" name="runScenario" description="Runs Cucumber Scenarios" data-provider="scenarios" finished-at="2022-03-08T22:02:23 MST" duration-ms="24858" status="PASS">
          <params>
            <param index="0">
              <value>
                <![CDATA["TC003_CreateLead"]]>
              </value>
            </param>
            <param index="1">
              <value>
                <![CDATA["Automate TestLeaf Application"]]>
              </value>
            </param>
          </params>
          <reporter-output>
          </reporter-output>
        </test-method> <!-- runScenario -->
        <test-method is-config="true" signature="tearDownClass()[pri:0, instance:steps.TestRunner@5119fb47]" started-at="2022-03-08T22:02:23 MST" name="tearDownClass" finished-at="2022-03-08T22:02:23 MST" duration-ms="46" status="PASS">
          <reporter-output>
          </reporter-output>
        </test-method> <!-- tearDownClass -->
      </class> <!-- steps.TestRunner -->
    </test> <!-- Default test -->
  </suite> <!-- Default suite -->
</testng-results>
